<?xml version="1.0" encoding="UTF-8"?>
<!-- Generated by org.testng.reporters.JUnitReportReporter -->
<testsuite skipped="1" hostname="LIN83000382" name="runnerPack.TestRunnner" tests="1" failures="0" timestamp="03 Oct 2020 06:22:48 GMT" time="0.091" errors="0">
  <testcase name="runScenario" time="0.091" classname="runnerPack.TestRunnner">
    <skipped/>
  </testcase> <!-- runScenario -->
</testsuite> <!-- runnerPack.TestRunnner -->
