<?xml version="1.0" encoding="UTF-8"?>
<!-- Generated by org.testng.reporters.JUnitReportReporter -->
<testsuite skipped="0" hostname="LIN83000382" name="runnerPack.TestRunner" tests="1" failures="0" timestamp="03 Oct 2020 06:29:20 GMT" time="0.119" errors="0">
  <testcase name="runScenario" time="0.119" classname="runnerPack.TestRunner"/>
</testsuite> <!-- runnerPack.TestRunner -->
