<?xml version="1.0" encoding="UTF-8"?>
<!-- Generated by org.testng.reporters.JUnitReportReporter -->
<testsuite hostname="LIN83000382" name="runnerPack.TestRunner" tests="1" failures="0" timestamp="25 Oct 2020 10:54:08 GMT" time="0.130" errors="0">
  <testcase name="runScenario" time="0.130" classname="runnerPack.TestRunner"/>
</testsuite> <!-- runnerPack.TestRunner -->
