<?xml version="1.0" encoding="UTF-8"?>
<!-- Generated by org.testng.reporters.JUnitReportReporter -->
<testsuite skipped="0" hostname="LIN83000382" name="testRunner.TestRunner" tests="1" failures="0" timestamp="2020-10-02T10:35:33 IST" time="0.302" errors="0">
  <testcase name="runCucumberTest" time="0.302" classname="testRunner.TestRunner"/>
  <system-out/>
</testsuite> <!-- testRunner.TestRunner -->
