<?xml version="1.0" encoding="UTF-8"?>
<!-- Generated by org.testng.reporters.JUnitReportReporter -->
<testsuite skipped="0" hostname="LIN83000382" name="testRunner.TestNGRunnerTest" tests="1" failures="0" timestamp="02 Oct 2020 06:50:50 GMT" time="0.008" errors="0">
  <testcase name="t" time="0.008" classname="testRunner.TestNGRunnerTest"/>
</testsuite> <!-- testRunner.TestNGRunnerTest -->
